<?xml version="1.0" encoding="UTF-8"?>
<testsuite name="asset.pipeline.grails.fs.SpringResourceAssetResolverSpec" tests="3" skipped="0" failures="0" errors="0" timestamp="2015-08-13T11:37:16" hostname="david-bertramlabs.local" time="0.116">
  <properties/>
  <testcase name="Test that the getAsset method resolves an AssetFile instance" classname="asset.pipeline.grails.fs.SpringResourceAssetResolverSpec" time="0.105"/>
  <testcase name="Test that the getAssets method resolves all AssetFile instances" classname="asset.pipeline.grails.fs.SpringResourceAssetResolverSpec" time="0.007"/>
  <testcase name="Test that the scanForResources method scans and locates AssetFile instances" classname="asset.pipeline.grails.fs.SpringResourceAssetResolverSpec" time="0.004"/>
  <system-out><![CDATA[07:37:16.205 [Thread-6] DEBUG o.s.c.i.s.PathMatchingResourcePatternResolver - Looking for matching resources in directory tree [/Users/davidestes/projects/bertram/plugins/asset-pipeline/build/resources/test/META-INF/assets/javascripts]
07:37:16.205 [Thread-6] DEBUG o.s.c.i.s.PathMatchingResourcePatternResolver - Searching directory [/Users/davidestes/projects/bertram/plugins/asset-pipeline/build/resources/test/META-INF/assets/javascripts] for files matching pattern [/Users/davidestes/projects/bertram/plugins/asset-pipeline/build/resources/test/META-INF/assets/javascripts/**]
07:37:16.206 [Thread-6] DEBUG o.s.c.i.s.PathMatchingResourcePatternResolver - Resolved location pattern [classpath*:META-INF/assets/javascripts/**] to resources [file [/Users/davidestes/projects/bertram/plugins/asset-pipeline/build/resources/test/META-INF/assets/javascripts/test.js]]
07:37:16.212 [Thread-7] DEBUG o.s.c.i.s.PathMatchingResourcePatternResolver - Looking for matching resources in directory tree [/Users/davidestes/projects/bertram/plugins/asset-pipeline/build/resources/test/META-INF/assets/javascripts]
07:37:16.212 [Thread-7] DEBUG o.s.c.i.s.PathMatchingResourcePatternResolver - Searching directory [/Users/davidestes/projects/bertram/plugins/asset-pipeline/build/resources/test/META-INF/assets/javascripts] for files matching pattern [/Users/davidestes/projects/bertram/plugins/asset-pipeline/build/resources/test/META-INF/assets/javascripts/**]
07:37:16.212 [Thread-7] DEBUG o.s.c.i.s.PathMatchingResourcePatternResolver - Resolved location pattern [classpath*:META-INF/assets/javascripts/**] to resources [file [/Users/davidestes/projects/bertram/plugins/asset-pipeline/build/resources/test/META-INF/assets/javascripts/test.js]]
07:37:16.212 [Test worker] DEBUG o.s.c.i.s.PathMatchingResourcePatternResolver - Looking for matching resources in directory tree [/Users/davidestes/projects/bertram/plugins/asset-pipeline/build/resources/test/META-INF/assets/javascripts]
07:37:16.212 [Test worker] DEBUG o.s.c.i.s.PathMatchingResourcePatternResolver - Searching directory [/Users/davidestes/projects/bertram/plugins/asset-pipeline/build/resources/test/META-INF/assets/javascripts] for files matching pattern [/Users/davidestes/projects/bertram/plugins/asset-pipeline/build/resources/test/META-INF/assets/javascripts/**]
07:37:16.213 [Test worker] DEBUG o.s.c.i.s.PathMatchingResourcePatternResolver - Resolved location pattern [classpath*:META-INF/assets/javascripts/**] to resources [file [/Users/davidestes/projects/bertram/plugins/asset-pipeline/build/resources/test/META-INF/assets/javascripts/test.js]]
07:37:16.218 [Thread-8] DEBUG o.s.c.i.s.PathMatchingResourcePatternResolver - Looking for matching resources in directory tree [/Users/davidestes/projects/bertram/plugins/asset-pipeline/build/resources/test/META-INF/assets/javascripts]
07:37:16.218 [Thread-8] DEBUG o.s.c.i.s.PathMatchingResourcePatternResolver - Searching directory [/Users/davidestes/projects/bertram/plugins/asset-pipeline/build/resources/test/META-INF/assets/javascripts] for files matching pattern [/Users/davidestes/projects/bertram/plugins/asset-pipeline/build/resources/test/META-INF/assets/javascripts/**]
07:37:16.218 [Test worker] DEBUG o.s.c.i.s.PathMatchingResourcePatternResolver - Looking for matching resources in directory tree [/Users/davidestes/projects/bertram/plugins/asset-pipeline/build/resources/test/META-INF/assets/javascripts]
07:37:16.219 [Thread-8] DEBUG o.s.c.i.s.PathMatchingResourcePatternResolver - Resolved location pattern [classpath*:META-INF/assets/javascripts/**] to resources [file [/Users/davidestes/projects/bertram/plugins/asset-pipeline/build/resources/test/META-INF/assets/javascripts/test.js]]
07:37:16.219 [Test worker] DEBUG o.s.c.i.s.PathMatchingResourcePatternResolver - Searching directory [/Users/davidestes/projects/bertram/plugins/asset-pipeline/build/resources/test/META-INF/assets/javascripts] for files matching pattern [/Users/davidestes/projects/bertram/plugins/asset-pipeline/build/resources/test/META-INF/assets/javascripts/**]
07:37:16.219 [Test worker] DEBUG o.s.c.i.s.PathMatchingResourcePatternResolver - Resolved location pattern [classpath*:META-INF/assets/javascripts/**] to resources [file [/Users/davidestes/projects/bertram/plugins/asset-pipeline/build/resources/test/META-INF/assets/javascripts/test.js]]
]]></system-out>
  <system-err><![CDATA[]]></system-err>
</testsuite>
